<?xml version="1.0" encoding="UTF-8"?>
<testsuite xmlns:xsi="http://www.w3.org/2001/XMLSchema-instance" xsi:noNamespaceSchemaLocation="https://maven.apache.org/surefire/maven-surefire-plugin/xsd/surefire-test-report-3.0.xsd" version="3.0" name="drawing_vector.ModelTest" time="0.067" tests="6" errors="0" skipped="0" failures="0">
  <properties>
[...]
</properties>
  <testcase name="testDrawRectangle" classname="drawing_vector.ModelTest" time="0.027"/>
  <testcase name="testDrawLine" classname="drawing_vector.ModelTest" time="0"/>
  <testcase name="testDrawEllipse" classname="drawing_vector.ModelTest" time="0.001"/>
  <testcase name="testRedoAndStacks" classname="drawing_vector.ModelTest" time="0.002"/>
  <testcase name="testExists" classname="drawing_vector.ModelTest" time="0.007"/>
  <testcase name="testUndoAndStacks" classname="drawing_vector.ModelTest" time="0.001"/>
</testsuite>